Time resolution is 1 ps
DEBUG: SumMant=xxxxxxx, FinalExp=  x
DEBUG: SumMant=xxxxxxx, FinalExp=  x
DEBUG: SumMant=0800000, FinalExp=  1
DEBUG: SumMant=0800000, FinalExp=  1
DEBUG: SumMant=080001b, FinalExp=  1
DEBUG: SumMant=080001b, FinalExp=  1
DEBUG: SumMant=0800002, FinalExp=  1
DEBUG: SumMant=0800002, FinalExp=  1
DEBUG: SumMant=xxxxxxx, FinalExp=  x
DEBUG: SumMant=xxxxxxx, FinalExp=  x
DEBUG: SumMant=xxxxxxx, FinalExp=  x
DEBUG: SumMant=xxxxxxx, FinalExp=  x
DEBUG: SumMant=xxxxxxx, FinalExp=  0
DEBUG: SumMant=xxxxxxx, FinalExp=  0
DEBUG: SumMant=xxxxxxx, FinalExp=  0
DEBUG: SumMant=xxxxxxx, FinalExp=  0
DEBUG: SumMant=0800011, FinalExp=  1
DEBUG: SumMant=0800011, FinalExp=  1
DEBUG: SumMant=080001b, FinalExp=  1
DEBUG: SumMant=080001b, FinalExp=  1
DEBUG: SumMant=xxxxxxx, FinalExp=  z
DEBUG: SumMant=xxxxxxx, FinalExp=  z
DEBUG: SumMant=xxxxxxx, FinalExp=  x
DEBUG: SumMant=xxxxxxx, FinalExp=  x
DEBUG: SumMant=xxxxxxx, FinalExp=  x
DEBUG: SumMant=xxxxxxx, FinalExp=  x
DEBUG: SumMant=xxxxxxx, FinalExp=  0
DEBUG: SumMant=xxxxxxx, FinalExp=  0
DEBUG: SumMant=xxxxxxx, FinalExp=  0
DEBUG: SumMant=xxxxxxx, FinalExp=  0
DEBUG: SumMant=0800011, FinalExp=  1
DEBUG: SumMant=0800011, FinalExp=  1
DEBUG: SumMant=080001b, FinalExp=  1
DEBUG: SumMant=080001b, FinalExp=  1
DEBUG: SumMant=xxxxxxx, FinalExp=  z
DEBUG: SumMant=xxxxxxx, FinalExp=  z
DEBUG: SumMant=xxxxxxx, FinalExp=  x
DEBUG: SumMant=xxxxxxx, FinalExp=  x
DEBUG: SumMant=xxxxxxx, FinalExp=  x
DEBUG: SumMant=xxxxxxx, FinalExp=  x
DEBUG: SumMant=xxxxxxx, FinalExp=  0
DEBUG: SumMant=xxxxxxx, FinalExp=  0
DEBUG: SumMant=xxxxxxx, FinalExp=  0
DEBUG: SumMant=xxxxxxx, FinalExp=  0
DEBUG: SumMant=0800011, FinalExp=  1
DEBUG: SumMant=0800011, FinalExp=  1
DEBUG: SumMant=080001b, FinalExp=  1
DEBUG: SumMant=080001b, FinalExp=  1
DEBUG: SumMant=xxxxxxx, FinalExp=  z
DEBUG: SumMant=xxxxxxx, FinalExp=  z
DEBUG: SumMant=xxxxxxx, FinalExp=  x
DEBUG: SumMant=xxxxxxx, FinalExp=  x
DEBUG: SumMant=xxxxxxx, FinalExp=  x
DEBUG: SumMant=xxxxxxx, FinalExp=  x
DEBUG: SumMant=xxxxxxx, FinalExp=  0
DEBUG: SumMant=xxxxxxx, FinalExp=  0
DEBUG: SumMant=xxxxxxx, FinalExp=  0
DEBUG: SumMant=xxxxxxx, FinalExp=  0
DEBUG: SumMant=0800011, FinalExp=  1
DEBUG: SumMant=0800011, FinalExp=  1
DEBUG: SumMant=080001b, FinalExp=  1
DEBUG: SumMant=080001b, FinalExp=  1
DEBUG: SumMant=xxxxxxx, FinalExp=  z
DEBUG: SumMant=xxxxxxx, FinalExp=  z
DEBUG: SumMant=xxxxxxx, FinalExp=  x
DEBUG: SumMant=xxxxxxx, FinalExp=  x
DEBUG: SumMant=xxxxxxx, FinalExp=  x
DEBUG: SumMant=xxxxxxx, FinalExp=  x
DEBUG: SumMant=xxxxxxx, FinalExp=  0
DEBUG: SumMant=xxxxxxx, FinalExp=  0
DEBUG: SumMant=xxxxxxx, FinalExp=  0
DEBUG: SumMant=xxxxxxx, FinalExp=  0
DEBUG: SumMant=0800011, FinalExp=  1
DEBUG: SumMant=0800011, FinalExp=  1
DEBUG: SumMant=080001b, FinalExp=  1
DEBUG: SumMant=080001b, FinalExp=  1
DEBUG: SumMant=xxxxxxx, FinalExp=  z
DEBUG: SumMant=xxxxxxx, FinalExp=  z
DEBUG: SumMant=xxxxxxx, FinalExp=  x
DEBUG: SumMant=xxxxxxx, FinalExp=  x
DEBUG: SumMant=xxxxxxx, FinalExp=  x
DEBUG: SumMant=xxxxxxx, FinalExp=  x
DEBUG: SumMant=xxxxxxx, FinalExp=  0
DEBUG: SumMant=xxxxxxx, FinalExp=  0
DEBUG: SumMant=xxxxxxx, FinalExp=  0
DEBUG: SumMant=xxxxxxx, FinalExp=  0
DEBUG: SumMant=0800011, FinalExp=  1
DEBUG: SumMant=0800011, FinalExp=  1
DEBUG: SumMant=080001b, FinalExp=  1
DEBUG: SumMant=080001b, FinalExp=  1
DEBUG: SumMant=xxxxxxx, FinalExp=  z
DEBUG: SumMant=xxxxxxx, FinalExp=  z
DEBUG: SumMant=xxxxxxx, FinalExp=  x
DEBUG: SumMant=xxxxxxx, FinalExp=  x
DEBUG: SumMant=xxxxxxx, FinalExp=  x
DEBUG: SumMant=xxxxxxx, FinalExp=  x
DEBUG: SumMant=xxxxxxx, FinalExp=  0
DEBUG: SumMant=xxxxxxx, FinalExp=  0
DEBUG: SumMant=xxxxxxx, FinalExp=  0
DEBUG: SumMant=xxxxxxx, FinalExp=  0
DEBUG: SumMant=0800011, FinalExp=  1
DEBUG: SumMant=0800011, FinalExp=  1
DEBUG: SumMant=080001b, FinalExp=  1
DEBUG: SumMant=080001b, FinalExp=  1
DEBUG: SumMant=xxxxxxx, FinalExp=  z
DEBUG: SumMant=xxxxxxx, FinalExp=  z
DEBUG: SumMant=xxxxxxx, FinalExp=  x
DEBUG: SumMant=xxxxxxx, FinalExp=  x
DEBUG: SumMant=xxxxxxx, FinalExp=  x
DEBUG: SumMant=xxxxxxx, FinalExp=  x
DEBUG: SumMant=xxxxxxx, FinalExp=  0
DEBUG: SumMant=xxxxxxx, FinalExp=  0
DEBUG: SumMant=xxxxxxx, FinalExp=  0
DEBUG: SumMant=xxxxxxx, FinalExp=  0
DEBUG: SumMant=0800011, FinalExp=  1
DEBUG: SumMant=0800011, FinalExp=  1
DEBUG: SumMant=080001b, FinalExp=  1
DEBUG: SumMant=080001b, FinalExp=  1
DEBUG: SumMant=xxxxxxx, FinalExp=  z
DEBUG: SumMant=xxxxxxx, FinalExp=  z
DEBUG: SumMant=xxxxxxx, FinalExp=  x
DEBUG: SumMant=xxxxxxx, FinalExp=  x
DEBUG: SumMant=xxxxxxx, FinalExp=  x
DEBUG: SumMant=xxxxxxx, FinalExp=  x
DEBUG: SumMant=xxxxxxx, FinalExp=  0
DEBUG: SumMant=xxxxxxx, FinalExp=  0
DEBUG: SumMant=xxxxxxx, FinalExp=  0
DEBUG: SumMant=xxxxxxx, FinalExp=  0
DEBUG: SumMant=0800011, FinalExp=  1
DEBUG: SumMant=0800011, FinalExp=  1
DEBUG: SumMant=080001b, FinalExp=  1
DEBUG: SumMant=080001b, FinalExp=  1
DEBUG: SumMant=xxxxxxx, FinalExp=  z
DEBUG: SumMant=xxxxxxx, FinalExp=  z
DEBUG: SumMant=xxxxxxx, FinalExp=  x
DEBUG: SumMant=xxxxxxx, FinalExp=  x
DEBUG: SumMant=xxxxxxx, FinalExp=  x
DEBUG: SumMant=xxxxxxx, FinalExp=  x
DEBUG: SumMant=xxxxxxx, FinalExp=  0
DEBUG: SumMant=xxxxxxx, FinalExp=  0
DEBUG: SumMant=xxxxxxx, FinalExp=  0
DEBUG: SumMant=xxxxxxx, FinalExp=  0
DEBUG: SumMant=0800011, FinalExp=  1
DEBUG: SumMant=0800011, FinalExp=  1
DEBUG: SumMant=080001b, FinalExp=  1
DEBUG: SumMant=080001b, FinalExp=  1
DEBUG: SumMant=xxxxxxx, FinalExp=  z
DEBUG: SumMant=xxxxxxx, FinalExp=  z
DEBUG: SumMant=xxxxxxx, FinalExp=  x
DEBUG: SumMant=xxxxxxx, FinalExp=  x
DEBUG: SumMant=xxxxxxx, FinalExp=  x
DEBUG: SumMant=xxxxxxx, FinalExp=  x
DEBUG: SumMant=xxxxxxx, FinalExp=  0
DEBUG: SumMant=xxxxxxx, FinalExp=  0
DEBUG: SumMant=xxxxxxx, FinalExp=  0
DEBUG: SumMant=xxxxxxx, FinalExp=  0
DEBUG: SumMant=0800011, FinalExp=  1
DEBUG: SumMant=0800011, FinalExp=  1
DEBUG: SumMant=080001b, FinalExp=  1
DEBUG: SumMant=080001b, FinalExp=  1
DEBUG: SumMant=xxxxxxx, FinalExp=  z
DEBUG: SumMant=xxxxxxx, FinalExp=  z
DEBUG: SumMant=xxxxxxx, FinalExp=  x
DEBUG: SumMant=xxxxxxx, FinalExp=  x
DEBUG: SumMant=xxxxxxx, FinalExp=  x
DEBUG: SumMant=xxxxxxx, FinalExp=  x
DEBUG: SumMant=xxxxxxx, FinalExp=  0
DEBUG: SumMant=xxxxxxx, FinalExp=  0
DEBUG: SumMant=xxxxxxx, FinalExp=  0
DEBUG: SumMant=xxxxxxx, FinalExp=  0
DEBUG: SumMant=0800011, FinalExp=  1
DEBUG: SumMant=0800011, FinalExp=  1
DEBUG: SumMant=080001b, FinalExp=  1
DEBUG: SumMant=080001b, FinalExp=  1
DEBUG: SumMant=xxxxxxx, FinalExp=  z
DEBUG: SumMant=xxxxxxx, FinalExp=  z
DEBUG: SumMant=xxxxxxx, FinalExp=  x
DEBUG: SumMant=xxxxxxx, FinalExp=  x
DEBUG: SumMant=xxxxxxx, FinalExp=  x
DEBUG: SumMant=xxxxxxx, FinalExp=  x
DEBUG: SumMant=xxxxxxx, FinalExp=  0
DEBUG: SumMant=xxxxxxx, FinalExp=  0
DEBUG: SumMant=xxxxxxx, FinalExp=  0
DEBUG: SumMant=xxxxxxx, FinalExp=  0
DEBUG: SumMant=0800011, FinalExp=  1
DEBUG: SumMant=0800011, FinalExp=  1
DEBUG: SumMant=080001b, FinalExp=  1
DEBUG: SumMant=080001b, FinalExp=  1
DEBUG: SumMant=xxxxxxx, FinalExp=  z
DEBUG: SumMant=xxxxxxx, FinalExp=  z
DEBUG: SumMant=xxxxxxx, FinalExp=  x
DEBUG: SumMant=xxxxxxx, FinalExp=  x
DEBUG: SumMant=xxxxxxx, FinalExp=  x
DEBUG: SumMant=xxxxxxx, FinalExp=  x
DEBUG: SumMant=xxxxxxx, FinalExp=  0
DEBUG: SumMant=xxxxxxx, FinalExp=  0
DEBUG: SumMant=xxxxxxx, FinalExp=  0
DEBUG: SumMant=xxxxxxx, FinalExp=  0
DEBUG: SumMant=0800011, FinalExp=  1
DEBUG: SumMant=0800011, FinalExp=  1
DEBUG: SumMant=080001b, FinalExp=  1
DEBUG: SumMant=080001b, FinalExp=  1
DEBUG: SumMant=xxxxxxx, FinalExp=  z
DEBUG: SumMant=xxxxxxx, FinalExp=  z
DEBUG: SumMant=xxxxxxx, FinalExp=  x
DEBUG: SumMant=xxxxxxx, FinalExp=  x
DEBUG: SumMant=xxxxxxx, FinalExp=  x
DEBUG: SumMant=xxxxxxx, FinalExp=  x
DEBUG: SumMant=xxxxxxx, FinalExp=  0
DEBUG: SumMant=xxxxxxx, FinalExp=  0
DEBUG: SumMant=xxxxxxx, FinalExp=  0
DEBUG: SumMant=xxxxxxx, FinalExp=  0
DEBUG: SumMant=0800011, FinalExp=  1
DEBUG: SumMant=0800011, FinalExp=  1
DEBUG: SumMant=080001b, FinalExp=  1
DEBUG: SumMant=080001b, FinalExp=  1
DEBUG: SumMant=xxxxxxx, FinalExp=  z
DEBUG: SumMant=xxxxxxx, FinalExp=  z
DEBUG: SumMant=xxxxxxx, FinalExp=  x
DEBUG: SumMant=xxxxxxx, FinalExp=  x
DEBUG: SumMant=xxxxxxx, FinalExp=  x
DEBUG: SumMant=xxxxxxx, FinalExp=  x
DEBUG: SumMant=xxxxxxx, FinalExp=  0
DEBUG: SumMant=xxxxxxx, FinalExp=  0
DEBUG: SumMant=xxxxxxx, FinalExp=  0
DEBUG: SumMant=xxxxxxx, FinalExp=  0
DEBUG: SumMant=0800011, FinalExp=  1
DEBUG: SumMant=0800011, FinalExp=  1
DEBUG: SumMant=080001b, FinalExp=  1
DEBUG: SumMant=080001b, FinalExp=  1
DEBUG: SumMant=xxxxxxx, FinalExp=  z
DEBUG: SumMant=xxxxxxx, FinalExp=  z
DEBUG: SumMant=xxxxxxx, FinalExp=  x
DEBUG: SumMant=xxxxxxx, FinalExp=  x
DEBUG: SumMant=xxxxxxx, FinalExp=  x
DEBUG: SumMant=xxxxxxx, FinalExp=  x
DEBUG: SumMant=xxxxxxx, FinalExp=  0
DEBUG: SumMant=xxxxxxx, FinalExp=  0
DEBUG: SumMant=xxxxxxx, FinalExp=  0
DEBUG: SumMant=xxxxxxx, FinalExp=  0
DEBUG: SumMant=0800011, FinalExp=  1
DEBUG: SumMant=0800011, FinalExp=  1
DEBUG: SumMant=080001b, FinalExp=  1
DEBUG: SumMant=080001b, FinalExp=  1
DEBUG: SumMant=xxxxxxx, FinalExp=  z
DEBUG: SumMant=xxxxxxx, FinalExp=  z
DEBUG: SumMant=xxxxxxx, FinalExp=  x
DEBUG: SumMant=xxxxxxx, FinalExp=  x
DEBUG: SumMant=xxxxxxx, FinalExp=  x
DEBUG: SumMant=xxxxxxx, FinalExp=  x
DEBUG: SumMant=xxxxxxx, FinalExp=  0
DEBUG: SumMant=xxxxxxx, FinalExp=  0
DEBUG: SumMant=xxxxxxx, FinalExp=  0
DEBUG: SumMant=xxxxxxx, FinalExp=  0
DEBUG: SumMant=0800011, FinalExp=  1
DEBUG: SumMant=0800011, FinalExp=  1
DEBUG: SumMant=080001b, FinalExp=  1
DEBUG: SumMant=080001b, FinalExp=  1
DEBUG: SumMant=xxxxxxx, FinalExp=  z
DEBUG: SumMant=xxxxxxx, FinalExp=  z
DEBUG: SumMant=xxxxxxx, FinalExp=  x
DEBUG: SumMant=xxxxxxx, FinalExp=  x
DEBUG: SumMant=xxxxxxx, FinalExp=  x
DEBUG: SumMant=xxxxxxx, FinalExp=  x
DEBUG: SumMant=xxxxxxx, FinalExp=  0
DEBUG: SumMant=xxxxxxx, FinalExp=  0
DEBUG: SumMant=xxxxxxx, FinalExp=  0
DEBUG: SumMant=xxxxxxx, FinalExp=  0
DEBUG: SumMant=0800011, FinalExp=  1
DEBUG: SumMant=0800011, FinalExp=  1
DEBUG: SumMant=080001b, FinalExp=  1
DEBUG: SumMant=080001b, FinalExp=  1
DEBUG: SumMant=xxxxxxx, FinalExp=  z
DEBUG: SumMant=xxxxxxx, FinalExp=  z
DEBUG: SumMant=xxxxxxx, FinalExp=  x
DEBUG: SumMant=xxxxxxx, FinalExp=  x
DEBUG: SumMant=xxxxxxx, FinalExp=  x
DEBUG: SumMant=xxxxxxx, FinalExp=  x
DEBUG: SumMant=xxxxxxx, FinalExp=  0
DEBUG: SumMant=xxxxxxx, FinalExp=  0
DEBUG: SumMant=xxxxxxx, FinalExp=  0
DEBUG: SumMant=xxxxxxx, FinalExp=  0
DEBUG: SumMant=0800011, FinalExp=  1
DEBUG: SumMant=0800011, FinalExp=  1
DEBUG: SumMant=080001b, FinalExp=  1
DEBUG: SumMant=080001b, FinalExp=  1
DEBUG: SumMant=xxxxxxx, FinalExp=  z
DEBUG: SumMant=xxxxxxx, FinalExp=  z
DEBUG: SumMant=xxxxxxx, FinalExp=  x
DEBUG: SumMant=xxxxxxx, FinalExp=  x
DEBUG: SumMant=xxxxxxx, FinalExp=  x
DEBUG: SumMant=xxxxxxx, FinalExp=  x
DEBUG: SumMant=xxxxxxx, FinalExp=  0
DEBUG: SumMant=xxxxxxx, FinalExp=  0
DEBUG: SumMant=xxxxxxx, FinalExp=  0
DEBUG: SumMant=xxxxxxx, FinalExp=  0
DEBUG: SumMant=0800011, FinalExp=  1
DEBUG: SumMant=0800011, FinalExp=  1
DEBUG: SumMant=080001b, FinalExp=  1
DEBUG: SumMant=080001b, FinalExp=  1
DEBUG: SumMant=xxxxxxx, FinalExp=  z
DEBUG: SumMant=xxxxxxx, FinalExp=  z
DEBUG: SumMant=xxxxxxx, FinalExp=  x
DEBUG: SumMant=xxxxxxx, FinalExp=  x
DEBUG: SumMant=xxxxxxx, FinalExp=  x
DEBUG: SumMant=xxxxxxx, FinalExp=  x
DEBUG: SumMant=xxxxxxx, FinalExp=  0
DEBUG: SumMant=xxxxxxx, FinalExp=  0
DEBUG: SumMant=xxxxxxx, FinalExp=  0
DEBUG: SumMant=xxxxxxx, FinalExp=  0
DEBUG: SumMant=0800011, FinalExp=  1
DEBUG: SumMant=0800011, FinalExp=  1
DEBUG: SumMant=080001b, FinalExp=  1
DEBUG: SumMant=080001b, FinalExp=  1
DEBUG: SumMant=xxxxxxx, FinalExp=  z
DEBUG: SumMant=xxxxxxx, FinalExp=  z
DEBUG: SumMant=xxxxxxx, FinalExp=  x
DEBUG: SumMant=xxxxxxx, FinalExp=  x
DEBUG: SumMant=xxxxxxx, FinalExp=  x
DEBUG: SumMant=xxxxxxx, FinalExp=  x
DEBUG: SumMant=xxxxxxx, FinalExp=  0
DEBUG: SumMant=xxxxxxx, FinalExp=  0
DEBUG: SumMant=xxxxxxx, FinalExp=  0
DEBUG: SumMant=xxxxxxx, FinalExp=  0
DEBUG: SumMant=0800011, FinalExp=  1
DEBUG: SumMant=0800011, FinalExp=  1
DEBUG: SumMant=080001b, FinalExp=  1
DEBUG: SumMant=080001b, FinalExp=  1
DEBUG: SumMant=xxxxxxx, FinalExp=  z
DEBUG: SumMant=xxxxxxx, FinalExp=  z
DEBUG: SumMant=xxxxxxx, FinalExp=  x
DEBUG: SumMant=xxxxxxx, FinalExp=  x
DEBUG: SumMant=xxxxxxx, FinalExp=  x
DEBUG: SumMant=xxxxxxx, FinalExp=  x
DEBUG: SumMant=xxxxxxx, FinalExp=  0
DEBUG: SumMant=xxxxxxx, FinalExp=  0
DEBUG: SumMant=xxxxxxx, FinalExp=  0
DEBUG: SumMant=xxxxxxx, FinalExp=  0
DEBUG: SumMant=0800011, FinalExp=  1
DEBUG: SumMant=0800011, FinalExp=  1
DEBUG: SumMant=080001b, FinalExp=  1
DEBUG: SumMant=080001b, FinalExp=  1
DEBUG: SumMant=xxxxxxx, FinalExp=  z
DEBUG: SumMant=xxxxxxx, FinalExp=  z
DEBUG: SumMant=xxxxxxx, FinalExp=  x
DEBUG: SumMant=xxxxxxx, FinalExp=  x
DEBUG: SumMant=xxxxxxx, FinalExp=  x
DEBUG: SumMant=xxxxxxx, FinalExp=  x
DEBUG: SumMant=xxxxxxx, FinalExp=  0
DEBUG: SumMant=xxxxxxx, FinalExp=  0
